c:\users\ismail\desktop\ysmayyl\ysmayyl\debug\vc142.pdb
c:\users\ismail\desktop\ysmayyl\ysmayyl\debug\vc142.idb
c:\users\ismail\desktop\ysmayyl\ysmayyl\debug\tour.obj
c:\users\ismail\desktop\ysmayyl\ysmayyl\debug\ticket.obj
c:\users\ismail\desktop\ysmayyl\ysmayyl\debug\source.obj
c:\users\ismail\desktop\ysmayyl\ysmayyl\debug\seainternational.obj
c:\users\ismail\desktop\ysmayyl\ysmayyl\debug\order.obj
c:\users\ismail\desktop\ysmayyl\ysmayyl\debug\localtour.obj
c:\users\ismail\desktop\ysmayyl\ysmayyl\debug\queue.obj
c:\users\ismail\desktop\ysmayyl\ysmayyl\debug\landinternational.obj
c:\users\ismail\desktop\ysmayyl\ysmayyl\debug\internationaltour.obj
c:\users\ismail\desktop\ysmayyl\ysmayyl\debug\interfaceclient.obj
c:\users\ismail\desktop\ysmayyl\ysmayyl\debug\information.obj
c:\users\ismail\desktop\ysmayyl\ysmayyl\debug\functions.obj
c:\users\ismail\desktop\ysmayyl\ysmayyl\debug\file.obj
c:\users\ismail\desktop\ysmayyl\ysmayyl\debug\client.obj
c:\users\ismail\desktop\ysmayyl\debug\ysmayyl.exe
c:\users\ismail\desktop\ysmayyl\debug\ysmayyl.ilk
c:\users\ismail\desktop\ysmayyl\debug\ysmayyl.pdb
c:\users\ismail\desktop\ysmayyl\ysmayyl\debug\adminstration.obj
c:\users\ismail\desktop\ysmayyl\ysmayyl\debug\childrentour.obj
c:\users\ismail\desktop\ysmayyl\ysmayyl\debug\clientinterface.obj
c:\users\ismail\desktop\ysmayyl\ysmayyl\debug\list.obj
c:\users\ismail\desktop\ysmayyl\ysmayyl\debug\source.obj.enc
c:\users\ismail\desktop\ysmayyl\ysmayyl\debug\ysmayyl.tlog\cl.command.1.tlog
c:\users\ismail\desktop\ysmayyl\ysmayyl\debug\ysmayyl.tlog\cl.read.1.tlog
c:\users\ismail\desktop\ysmayyl\ysmayyl\debug\ysmayyl.tlog\cl.write.1.tlog
c:\users\ismail\desktop\ysmayyl\ysmayyl\debug\ysmayyl.tlog\link.command.1.tlog
c:\users\ismail\desktop\ysmayyl\ysmayyl\debug\ysmayyl.tlog\link.read.1.tlog
c:\users\ismail\desktop\ysmayyl\ysmayyl\debug\ysmayyl.tlog\link.write.1.tlog
