e:\learning\4-sem\oop\7laba\consoleapplication1\x64\debug\vc142.pdb
e:\learning\4-sem\oop\7laba\consoleapplication1\x64\debug\vc142.idb
e:\learning\4-sem\oop\7laba\consoleapplication1\x64\debug\teacher_party.obj
e:\learning\4-sem\oop\7laba\consoleapplication1\x64\debug\teacher.obj
e:\learning\4-sem\oop\7laba\consoleapplication1\x64\debug\queue.obj
e:\learning\4-sem\oop\7laba\consoleapplication1\x64\debug\person.obj
e:\learning\4-sem\oop\7laba\consoleapplication1\x64\debug\party.obj
e:\learning\4-sem\oop\7laba\consoleapplication1\x64\debug\myexeption.obj
e:\learning\4-sem\oop\7laba\consoleapplication1\x64\debug\file.obj
e:\learning\4-sem\oop\7laba\consoleapplication1\x64\debug\interface.obj
e:\learning\4-sem\oop\7laba\consoleapplication1\x64\debug\consoleapplication1.obj
e:\learning\4-sem\oop\7laba\x64\debug\consoleapplication1.pdb
e:\learning\4-sem\oop\7laba\consoleapplication1\x64\debug\consolea.86d2ed77.tlog\cl.command.1.tlog
e:\learning\4-sem\oop\7laba\consoleapplication1\x64\debug\consolea.86d2ed77.tlog\cl.read.1.tlog
e:\learning\4-sem\oop\7laba\consoleapplication1\x64\debug\consolea.86d2ed77.tlog\cl.write.1.tlog
e:\learning\4-sem\oop\7laba\consoleapplication1\x64\debug\consolea.86d2ed77.tlog\link-cvtres.read.1.tlog
e:\learning\4-sem\oop\7laba\consoleapplication1\x64\debug\consolea.86d2ed77.tlog\link-cvtres.write.1.tlog
e:\learning\4-sem\oop\7laba\consoleapplication1\x64\debug\consolea.86d2ed77.tlog\link-rc.read.1.tlog
e:\learning\4-sem\oop\7laba\consoleapplication1\x64\debug\consolea.86d2ed77.tlog\link-rc.write.1.tlog
e:\learning\4-sem\oop\7laba\consoleapplication1\x64\debug\consolea.86d2ed77.tlog\link.command.1.tlog
e:\learning\4-sem\oop\7laba\consoleapplication1\x64\debug\consolea.86d2ed77.tlog\link.read.1.tlog
e:\learning\4-sem\oop\7laba\consoleapplication1\x64\debug\consolea.86d2ed77.tlog\link.write.1.tlog
